2025-02-03 16:44:33,525 - midiTheatreLogger - DEBUG - This is a debug message
2025-02-03 16:44:33,525 - midiTheatreLogger - INFO - This is an info message
2025-02-03 16:44:33,525 - midiTheatreLogger - WARNING - This is a warning message
2025-02-03 16:44:33,525 - midiTheatreLogger - ERROR - This is an error message
2025-02-03 16:44:33,525 - midiTheatreLogger - CRITICAL - This is a critical message
2025-02-03 16:44:33,813 - midiTheatreLogger - DEBUG - This is a debug message
2025-02-03 16:44:33,813 - midiTheatreLogger - INFO - This is an info message
2025-02-03 16:44:33,813 - midiTheatreLogger - WARNING - This is a warning message
2025-02-03 16:44:33,813 - midiTheatreLogger - ERROR - This is an error message
2025-02-03 16:44:33,813 - midiTheatreLogger - CRITICAL - This is a critical message
2025-02-03 16:44:33,990 - midiTheatreLogger - DEBUG - This is a debug message
2025-02-03 16:44:33,990 - midiTheatreLogger - INFO - This is an info message
2025-02-03 16:44:33,990 - midiTheatreLogger - WARNING - This is a warning message
2025-02-03 16:44:33,990 - midiTheatreLogger - ERROR - This is an error message
2025-02-03 16:44:33,990 - midiTheatreLogger - CRITICAL - This is a critical message
2025-02-03 16:44:34,182 - midiTheatreLogger - DEBUG - This is a debug message
2025-02-03 16:44:34,182 - midiTheatreLogger - INFO - This is an info message
2025-02-03 16:44:34,182 - midiTheatreLogger - WARNING - This is a warning message
2025-02-03 16:44:34,182 - midiTheatreLogger - ERROR - This is an error message
2025-02-03 16:44:34,182 - midiTheatreLogger - CRITICAL - This is a critical message
2025-02-03 21:44:34,360 - midiTheatreLogger - DEBUG - This is a debug message
2025-02-03 21:44:34,360 - midiTheatreLogger - INFO - This is an info message
2025-02-03 21:44:34,360 - midiTheatreLogger - WARNING - This is a warning message
2025-02-03 21:44:34,360 - midiTheatreLogger - ERROR - This is an error message
2025-02-03 21:44:34,360 - midiTheatreLogger - CRITICAL - This is a critical message
2025-02-03 21:44:39,383 - midiTheatreLogger - INFO - Form is valid
2025-02-03 21:44:39,384 - midiTheatreLogger - INFO - Form is saved
2025-02-03 21:47:13,120 - midiTheatreLogger - DEBUG - This is a debug message
2025-02-03 21:47:13,120 - midiTheatreLogger - INFO - This is an info message
2025-02-03 21:47:13,120 - midiTheatreLogger - WARNING - This is a warning message
2025-02-03 21:47:13,120 - midiTheatreLogger - ERROR - This is an error message
2025-02-03 21:47:13,120 - midiTheatreLogger - CRITICAL - This is a critical message
2025-02-03 21:48:02,258 - midiTheatreLogger - DEBUG - This is a debug message
2025-02-03 21:48:02,259 - midiTheatreLogger - INFO - This is an info message
2025-02-03 21:48:02,259 - midiTheatreLogger - WARNING - This is a warning message
2025-02-03 21:48:02,259 - midiTheatreLogger - ERROR - This is an error message
2025-02-03 21:48:02,259 - midiTheatreLogger - CRITICAL - This is a critical message
2025-02-03 21:48:04,653 - midiTheatreLogger - DEBUG - This is a debug message
2025-02-03 21:48:04,653 - midiTheatreLogger - INFO - This is an info message
2025-02-03 21:48:04,653 - midiTheatreLogger - WARNING - This is a warning message
2025-02-03 21:48:04,653 - midiTheatreLogger - ERROR - This is an error message
2025-02-03 21:48:04,653 - midiTheatreLogger - CRITICAL - This is a critical message
2025-02-03 21:48:10,027 - midiTheatreLogger - DEBUG - This is a debug message
2025-02-03 21:48:10,027 - midiTheatreLogger - INFO - This is an info message
2025-02-03 21:48:10,027 - midiTheatreLogger - WARNING - This is a warning message
2025-02-03 21:48:10,027 - midiTheatreLogger - ERROR - This is an error message
2025-02-03 21:48:10,027 - midiTheatreLogger - CRITICAL - This is a critical message
2025-02-03 21:48:22,499 - midiTheatreLogger - DEBUG - This is a debug message
2025-02-03 21:48:22,499 - midiTheatreLogger - INFO - This is an info message
2025-02-03 21:48:22,499 - midiTheatreLogger - WARNING - This is a warning message
2025-02-03 21:48:22,499 - midiTheatreLogger - ERROR - This is an error message
2025-02-03 21:48:22,499 - midiTheatreLogger - CRITICAL - This is a critical message
2025-02-03 21:49:04,507 - midiTheatreLogger - DEBUG - This is a debug message
2025-02-03 21:49:04,507 - midiTheatreLogger - INFO - This is an info message
2025-02-03 21:49:04,507 - midiTheatreLogger - WARNING - This is a warning message
2025-02-03 21:49:04,507 - midiTheatreLogger - ERROR - This is an error message
2025-02-03 21:49:04,507 - midiTheatreLogger - CRITICAL - This is a critical message
2025-02-03 21:49:06,881 - midiTheatreLogger - DEBUG - This is a debug message
2025-02-03 21:49:06,882 - midiTheatreLogger - INFO - This is an info message
2025-02-03 21:49:06,882 - midiTheatreLogger - WARNING - This is a warning message
2025-02-03 21:49:06,882 - midiTheatreLogger - ERROR - This is an error message
2025-02-03 21:49:06,882 - midiTheatreLogger - CRITICAL - This is a critical message
2025-02-03 21:49:15,163 - midiTheatreLogger - DEBUG - This is a debug message
2025-02-03 21:49:15,163 - midiTheatreLogger - INFO - This is an info message
2025-02-03 21:49:15,163 - midiTheatreLogger - WARNING - This is a warning message
2025-02-03 21:49:15,163 - midiTheatreLogger - ERROR - This is an error message
2025-02-03 21:49:15,163 - midiTheatreLogger - CRITICAL - This is a critical message
2025-02-03 21:49:17,481 - midiTheatreLogger - DEBUG - This is a debug message
2025-02-03 21:49:17,481 - midiTheatreLogger - INFO - This is an info message
2025-02-03 21:49:17,481 - midiTheatreLogger - WARNING - This is a warning message
2025-02-03 21:49:17,481 - midiTheatreLogger - ERROR - This is an error message
2025-02-03 21:49:17,481 - midiTheatreLogger - CRITICAL - This is a critical message
2025-02-03 21:49:19,706 - midiTheatreLogger - DEBUG - This is a debug message
2025-02-03 21:49:19,706 - midiTheatreLogger - INFO - This is an info message
2025-02-03 21:49:19,706 - midiTheatreLogger - WARNING - This is a warning message
2025-02-03 21:49:19,706 - midiTheatreLogger - ERROR - This is an error message
2025-02-03 21:49:19,706 - midiTheatreLogger - CRITICAL - This is a critical message
2025-02-03 21:49:22,040 - midiTheatreLogger - DEBUG - This is a debug message
2025-02-03 21:49:22,040 - midiTheatreLogger - INFO - This is an info message
2025-02-03 21:49:22,040 - midiTheatreLogger - WARNING - This is a warning message
2025-02-03 21:49:22,040 - midiTheatreLogger - ERROR - This is an error message
2025-02-03 21:49:22,040 - midiTheatreLogger - CRITICAL - This is a critical message
2025-02-03 21:49:24,393 - midiTheatreLogger - DEBUG - This is a debug message
2025-02-03 21:49:24,393 - midiTheatreLogger - INFO - This is an info message
2025-02-03 21:49:24,393 - midiTheatreLogger - WARNING - This is a warning message
2025-02-03 21:49:24,393 - midiTheatreLogger - ERROR - This is an error message
2025-02-03 21:49:24,394 - midiTheatreLogger - CRITICAL - This is a critical message
2025-02-03 21:54:23,856 - midiTheatreLogger - INFO - Form is valid
2025-02-03 21:54:23,856 - midiTheatreLogger - INFO - Form is saved
2025-02-03 21:54:23,857 - midiTheatreLogger - INFO - Order is set
2025-02-03 21:54:23,860 - midiTheatreLogger - INFO - Action is saved
2025-02-03 23:04:26,022 - midiTheatreLogger - INFO - No POST request
2025-02-03 23:04:26,022 - midiTheatreLogger - INFO - Creating form with: dark, 60, 61
2025-02-03 23:05:11,865 - midiTheatreLogger - INFO - No POST request
2025-02-03 23:05:11,865 - midiTheatreLogger - INFO - Creating form with: dark, 60, 61
2025-02-03 23:10:10,295 - midiTheatreLogger - INFO - No POST request
2025-02-03 23:10:10,296 - midiTheatreLogger - INFO - Creating form with: dark, 60, 61
2025-02-03 23:11:33,794 - midiTheatreLogger - INFO - No POST request
2025-02-03 23:11:33,795 - midiTheatreLogger - INFO - Creating form with: dark, 60, 61
2025-02-03 23:11:42,929 - midiTheatreLogger - INFO - Settings saved
2025-02-03 23:11:42,942 - midiTheatreLogger - INFO - No POST request
2025-02-03 23:11:42,942 - midiTheatreLogger - INFO - Creating form with: dark, 64, 61
2025-02-03 23:11:47,177 - midiTheatreLogger - INFO - Settings saved
2025-02-03 23:11:47,185 - midiTheatreLogger - INFO - No POST request
2025-02-03 23:11:47,185 - midiTheatreLogger - INFO - Creating form with: dark, 70, 61
2025-02-03 23:11:51,173 - midiTheatreLogger - INFO - Settings saved
2025-02-03 23:11:51,181 - midiTheatreLogger - INFO - No POST request
2025-02-03 23:11:51,181 - midiTheatreLogger - INFO - Creating form with: dark, 70, 49
2025-02-03 23:14:59,772 - midiTheatreLogger - INFO - No POST request
2025-02-03 23:14:59,773 - midiTheatreLogger - INFO - Creating form with: dark, 70, 49
2025-02-03 23:15:33,942 - midiTheatreLogger - INFO - Settings saved
2025-02-03 23:15:33,951 - midiTheatreLogger - INFO - No POST request
2025-02-03 23:15:33,951 - midiTheatreLogger - INFO - Creating form with: dark, 116, 49
2025-02-03 23:19:15,421 - midiTheatreLogger - INFO - No POST request
2025-02-03 23:19:15,422 - midiTheatreLogger - INFO - Creating form with: dark, 116, 49
2025-02-03 23:19:33,389 - midiTheatreLogger - INFO - No POST request
2025-02-03 23:19:33,389 - midiTheatreLogger - INFO - Creating form with: dark, 116, 49
2025-02-03 23:19:44,748 - midiTheatreLogger - INFO - No POST request
2025-02-03 23:19:44,749 - midiTheatreLogger - INFO - Creating form with: dark, 116, 49
2025-02-03 18:57:41,808 - midiTheatreLogger - INFO - No POST request
2025-02-03 18:57:41,808 - midiTheatreLogger - INFO - Creating form with: dark, 60, 61
2025-02-03 18:57:58,258 - midiTheatreLogger - INFO - No POST request
2025-02-03 18:57:58,258 - midiTheatreLogger - INFO - Creating form with: dark, 60, 61
2025-02-03 19:03:13,487 - midiTheatreLogger - INFO - No POST request
2025-02-03 19:03:13,487 - midiTheatreLogger - INFO - Creating form with: dark, 60, 61
2025-02-03 19:03:23,116 - midiTheatreLogger - INFO - No POST request
2025-02-03 19:03:23,116 - midiTheatreLogger - INFO - Creating form with: dark, 60, 61
2025-02-03 19:03:35,514 - midiTheatreLogger - INFO - Settings saved
2025-02-03 19:03:35,527 - midiTheatreLogger - INFO - No POST request
2025-02-03 19:03:35,528 - midiTheatreLogger - INFO - Creating form with: dark, 84, 68
2025-02-03 19:03:38,226 - midiTheatreLogger - INFO - No POST request
2025-02-03 19:03:38,226 - midiTheatreLogger - INFO - Creating form with: dark, 84, 68
2025-02-03 19:05:03,611 - midiTheatreLogger - INFO - No POST request
2025-02-03 19:05:03,612 - midiTheatreLogger - INFO - Creating form with: dark, 84, 68
2025-02-03 19:05:12,546 - midiTheatreLogger - INFO - No POST request
2025-02-03 19:05:12,546 - midiTheatreLogger - INFO - Creating form with: dark, 84, 68
2025-02-04 20:52:25,126 - midiTheatreLogger - INFO - No POST request
2025-02-04 20:52:25,126 - midiTheatreLogger - INFO - Creating form with: dark, 116, 49
2025-02-04 20:52:29,274 - midiTheatreLogger - INFO - No POST request
2025-02-04 20:52:29,274 - midiTheatreLogger - INFO - Creating form with: dark, 116, 49
2025-02-04 21:25:17,446 - midiTheatreLogger - INFO - No POST request
2025-02-04 21:25:17,447 - midiTheatreLogger - INFO - Creating form with: dark, 116, 49
2025-02-04 21:34:15,963 - midiTheatreLogger - INFO - No POST request
2025-02-04 21:34:15,964 - midiTheatreLogger - INFO - Creating form with: dark, 116, 49
2025-02-04 22:28:58,209 - midiTheatreLogger - INFO - Form is valid
2025-02-04 22:28:58,210 - midiTheatreLogger - INFO - Form is saved
2025-02-04 22:29:14,111 - midiTheatreLogger - INFO - No POST request
2025-02-04 22:29:14,111 - midiTheatreLogger - INFO - Creating form with: dark, 116, 49
2025-02-04 22:33:04,916 - midiTheatreLogger - INFO - Form is valid
2025-02-04 22:33:04,916 - midiTheatreLogger - INFO - Form is saved
2025-02-04 22:33:57,957 - midiTheatreLogger - INFO - Form is valid
2025-02-04 22:33:57,957 - midiTheatreLogger - INFO - Form is saved
2025-02-04 22:35:27,867 - midiTheatreLogger - INFO - Form is valid
2025-02-04 22:35:27,869 - midiTheatreLogger - INFO - Form is saved
2025-02-04 22:48:22,870 - midiTheatreLogger - INFO - Form is valid
2025-02-04 22:48:22,873 - midiTheatreLogger - INFO - Form is saved
2025-02-04 22:49:00,773 - midiTheatreLogger - INFO - No POST request
2025-02-04 22:49:00,773 - midiTheatreLogger - INFO - Creating form with: dark, 116, 49
2025-02-04 17:50:50,454 - midiTheatreLogger - INFO - /Users/jonathanstoff/Desktop/Scripts/midiTheatremiditheatre/templates/static
2025-02-04 17:50:50,681 - midiTheatreLogger - INFO - /Users/jonathanstoff/Desktop/Scripts/midiTheatremiditheatre/templates/static
2025-02-04 17:50:50,859 - midiTheatreLogger - INFO - /Users/jonathanstoff/Desktop/Scripts/midiTheatremiditheatre/templates/static
2025-02-04 17:50:51,048 - midiTheatreLogger - INFO - /Users/jonathanstoff/Desktop/Scripts/midiTheatremiditheatre/templates/static
2025-02-04 22:50:51,194 - midiTheatreLogger - INFO - /Users/jonathanstoff/Desktop/Scripts/midiTheatremiditheatre/templates/static
2025-02-04 22:51:20,935 - midiTheatreLogger - INFO - /Users/jonathanstoff/Desktop/Scripts/midiTheatre/miditheatre/templates/static
2025-02-04 22:52:04,999 - midiTheatreLogger - INFO - /Users/jonathanstoff/Desktop/Scripts/midiTheatre/miditheatre/templates/static
2025-02-04 17:52:07,620 - midiTheatreLogger - INFO - /Users/jonathanstoff/Desktop/Scripts/midiTheatre/miditheatre/templates/static
2025-02-04 17:52:07,800 - midiTheatreLogger - INFO - /Users/jonathanstoff/Desktop/Scripts/midiTheatre/miditheatre/templates/static
2025-02-04 17:52:07,971 - midiTheatreLogger - INFO - /Users/jonathanstoff/Desktop/Scripts/midiTheatre/miditheatre/templates/static
2025-02-04 17:52:08,143 - midiTheatreLogger - INFO - /Users/jonathanstoff/Desktop/Scripts/midiTheatre/miditheatre/templates/static
2025-02-04 22:52:08,277 - midiTheatreLogger - INFO - /Users/jonathanstoff/Desktop/Scripts/midiTheatre/miditheatre/templates/static
2025-02-04 22:52:17,614 - midiTheatreLogger - INFO - /Users/jonathanstoff/Desktop/Scripts/midiTheatre/miditheatre/templates/static
2025-02-04 22:52:37,243 - midiTheatreLogger - INFO - /Users/jonathanstoff/Desktop/Scripts/midiTheatre/miditheatre/templates/static
2025-02-04 22:56:59,670 - midiTheatreLogger - INFO - /Users/jonathanstoff/Desktop/Scripts/midiTheatre/miditheatre/templates/static
2025-02-04 22:57:32,766 - midiTheatreLogger - INFO - /Users/jonathanstoff/Desktop/Scripts/midiTheatre/miditheatre/templates/static
2025-02-04 22:58:45,214 - midiTheatreLogger - INFO - /Users/jonathanstoff/Desktop/Scripts/midiTheatre/staticfiles
2025-02-04 17:59:12,126 - midiTheatreLogger - INFO - /Users/jonathanstoff/Desktop/Scripts/midiTheatre/staticfiles
2025-02-04 17:59:12,357 - midiTheatreLogger - INFO - /Users/jonathanstoff/Desktop/Scripts/midiTheatre/staticfiles
2025-02-04 17:59:12,617 - midiTheatreLogger - INFO - /Users/jonathanstoff/Desktop/Scripts/midiTheatre/staticfiles
2025-02-04 17:59:12,806 - midiTheatreLogger - INFO - /Users/jonathanstoff/Desktop/Scripts/midiTheatre/staticfiles
2025-02-04 17:59:13,003 - midiTheatreLogger - INFO - /Users/jonathanstoff/Desktop/Scripts/midiTheatre/staticfiles
2025-02-04 22:59:13,142 - midiTheatreLogger - INFO - /Users/jonathanstoff/Desktop/Scripts/midiTheatre/staticfiles
2025-02-04 18:00:37,048 - midiTheatreLogger - INFO - /Users/jonathanstoff/Desktop/Scripts/midiTheatre/staticfiles
2025-02-04 18:00:40,042 - midiTheatreLogger - INFO - /Users/jonathanstoff/Desktop/Scripts/midiTheatre/staticfiles
2025-02-04 18:00:40,229 - midiTheatreLogger - INFO - /Users/jonathanstoff/Desktop/Scripts/midiTheatre/staticfiles
2025-02-04 18:00:40,407 - midiTheatreLogger - INFO - /Users/jonathanstoff/Desktop/Scripts/midiTheatre/staticfiles
2025-02-04 18:00:40,593 - midiTheatreLogger - INFO - /Users/jonathanstoff/Desktop/Scripts/midiTheatre/staticfiles
2025-02-04 23:00:40,731 - midiTheatreLogger - INFO - /Users/jonathanstoff/Desktop/Scripts/midiTheatre/staticfiles
2025-02-04 23:01:19,086 - midiTheatreLogger - INFO - No POST request
2025-02-04 23:01:19,087 - midiTheatreLogger - INFO - Creating form with: dark, 116, 49
2025-02-04 23:03:29,414 - midiTheatreLogger - INFO - No POST request
2025-02-04 23:03:29,414 - midiTheatreLogger - INFO - Creating form with: dark, 116, 49
2025-02-04 23:06:32,403 - midiTheatreLogger - INFO - No POST request
2025-02-04 23:06:32,403 - midiTheatreLogger - INFO - Creating form with: dark, 116, 49
2025-02-04 23:07:02,177 - midiTheatreLogger - INFO - No POST request
2025-02-04 23:07:02,178 - midiTheatreLogger - INFO - Creating form with: dark, 116, 49
2025-02-04 23:07:19,228 - midiTheatreLogger - INFO - No POST request
2025-02-04 23:07:19,228 - midiTheatreLogger - INFO - Creating form with: dark, 116, 49
2025-02-04 23:07:23,897 - midiTheatreLogger - INFO - No POST request
2025-02-04 23:07:23,898 - midiTheatreLogger - INFO - Creating form with: dark, 116, 49
2025-02-04 23:12:13,724 - midiTheatreLogger - INFO - /Users/jonathanstoff/Desktop/Scripts/midiTheatre/staticfiles
2025-02-04 23:12:18,144 - midiTheatreLogger - INFO - /Users/jonathanstoff/Desktop/Scripts/midiTheatre/staticfiles
2025-02-04 23:12:19,417 - midiTheatreLogger - INFO - /Users/jonathanstoff/Desktop/Scripts/midiTheatre/staticfiles
2025-02-04 23:12:25,812 - midiTheatreLogger - INFO - /Users/jonathanstoff/Desktop/Scripts/midiTheatre/staticfiles
2025-02-04 23:12:28,200 - midiTheatreLogger - INFO - /Users/jonathanstoff/Desktop/Scripts/midiTheatre/staticfiles
2025-02-04 23:12:33,577 - midiTheatreLogger - INFO - /Users/jonathanstoff/Desktop/Scripts/midiTheatre/staticfiles
2025-02-04 23:13:09,401 - midiTheatreLogger - INFO - /Users/jonathanstoff/Desktop/Scripts/midiTheatre/staticfiles
2025-02-04 23:13:13,654 - midiTheatreLogger - INFO - /Users/jonathanstoff/Desktop/Scripts/midiTheatre/staticfiles
2025-02-04 23:13:19,058 - midiTheatreLogger - INFO - /Users/jonathanstoff/Desktop/Scripts/midiTheatre/staticfiles
2025-02-04 23:13:20,378 - midiTheatreLogger - INFO - /Users/jonathanstoff/Desktop/Scripts/midiTheatre/staticfiles
2025-02-04 23:13:24,722 - midiTheatreLogger - INFO - /Users/jonathanstoff/Desktop/Scripts/midiTheatre/staticfiles
2025-02-04 23:13:28,056 - midiTheatreLogger - INFO - /Users/jonathanstoff/Desktop/Scripts/midiTheatre/staticfiles
2025-02-04 23:17:23,880 - midiTheatreLogger - INFO - /Users/jonathanstoff/Desktop/Scripts/midiTheatre/staticfiles
2025-02-04 23:17:25,240 - midiTheatreLogger - INFO - /Users/jonathanstoff/Desktop/Scripts/midiTheatre/staticfiles
2025-02-04 23:17:26,592 - midiTheatreLogger - INFO - /Users/jonathanstoff/Desktop/Scripts/midiTheatre/staticfiles
2025-02-04 23:58:44,007 - midiTheatreLogger - INFO - /Users/jonathanstoff/Desktop/Scripts/midiTheatre/staticfiles
2025-02-04 23:58:45,385 - midiTheatreLogger - INFO - /Users/jonathanstoff/Desktop/Scripts/midiTheatre/staticfiles
2025-02-04 23:58:47,748 - midiTheatreLogger - INFO - /Users/jonathanstoff/Desktop/Scripts/midiTheatre/staticfiles
2025-02-04 23:59:03,200 - midiTheatreLogger - INFO - /Users/jonathanstoff/Desktop/Scripts/midiTheatre/staticfiles
2025-02-04 23:59:16,727 - midiTheatreLogger - INFO - /Users/jonathanstoff/Desktop/Scripts/midiTheatre/staticfiles
2025-02-04 23:59:34,297 - midiTheatreLogger - INFO - /Users/jonathanstoff/Desktop/Scripts/midiTheatre/staticfiles
2025-02-04 23:59:35,534 - midiTheatreLogger - INFO - /Users/jonathanstoff/Desktop/Scripts/midiTheatre/staticfiles
2025-02-04 23:59:39,855 - midiTheatreLogger - INFO - /Users/jonathanstoff/Desktop/Scripts/midiTheatre/staticfiles
2025-02-04 23:59:47,136 - midiTheatreLogger - INFO - /Users/jonathanstoff/Desktop/Scripts/midiTheatre/staticfiles
2025-02-04 23:59:49,363 - midiTheatreLogger - INFO - /Users/jonathanstoff/Desktop/Scripts/midiTheatre/staticfiles
2025-02-04 23:59:54,642 - midiTheatreLogger - INFO - /Users/jonathanstoff/Desktop/Scripts/midiTheatre/staticfiles
2025-02-05 00:00:58,998 - midiTheatreLogger - INFO - /Users/jonathanstoff/Desktop/Scripts/midiTheatre/staticfiles
2025-02-05 00:01:01,409 - midiTheatreLogger - INFO - /Users/jonathanstoff/Desktop/Scripts/midiTheatre/staticfiles
2025-02-05 00:01:06,745 - midiTheatreLogger - INFO - /Users/jonathanstoff/Desktop/Scripts/midiTheatre/staticfiles
2025-02-05 00:06:56,536 - midiTheatreLogger - INFO - /Users/jonathanstoff/Desktop/Scripts/midiTheatre/staticfiles
2025-02-05 00:06:57,859 - midiTheatreLogger - INFO - /Users/jonathanstoff/Desktop/Scripts/midiTheatre/staticfiles
2025-02-05 00:06:59,108 - midiTheatreLogger - INFO - /Users/jonathanstoff/Desktop/Scripts/midiTheatre/staticfiles
2025-02-05 00:07:04,449 - midiTheatreLogger - INFO - /Users/jonathanstoff/Desktop/Scripts/midiTheatre/staticfiles
2025-02-05 00:07:10,746 - midiTheatreLogger - INFO - /Users/jonathanstoff/Desktop/Scripts/midiTheatre/staticfiles
2025-02-05 00:07:18,031 - midiTheatreLogger - INFO - /Users/jonathanstoff/Desktop/Scripts/midiTheatre/staticfiles
2025-02-05 00:07:19,304 - midiTheatreLogger - INFO - /Users/jonathanstoff/Desktop/Scripts/midiTheatre/staticfiles
2025-02-05 00:07:21,627 - midiTheatreLogger - INFO - /Users/jonathanstoff/Desktop/Scripts/midiTheatre/staticfiles
2025-02-05 00:07:24,889 - midiTheatreLogger - INFO - /Users/jonathanstoff/Desktop/Scripts/midiTheatre/staticfiles
2025-02-05 00:07:28,188 - midiTheatreLogger - INFO - /Users/jonathanstoff/Desktop/Scripts/midiTheatre/staticfiles
2025-02-05 00:07:29,444 - midiTheatreLogger - INFO - /Users/jonathanstoff/Desktop/Scripts/midiTheatre/staticfiles
2025-02-05 00:07:32,699 - midiTheatreLogger - INFO - /Users/jonathanstoff/Desktop/Scripts/midiTheatre/staticfiles
2025-02-05 00:07:40,015 - midiTheatreLogger - INFO - /Users/jonathanstoff/Desktop/Scripts/midiTheatre/staticfiles
2025-02-05 00:07:42,304 - midiTheatreLogger - INFO - /Users/jonathanstoff/Desktop/Scripts/midiTheatre/staticfiles
2025-02-05 00:07:46,565 - midiTheatreLogger - INFO - /Users/jonathanstoff/Desktop/Scripts/midiTheatre/staticfiles
2025-02-05 00:07:52,857 - midiTheatreLogger - INFO - /Users/jonathanstoff/Desktop/Scripts/midiTheatre/staticfiles
2025-02-05 00:07:56,099 - midiTheatreLogger - INFO - /Users/jonathanstoff/Desktop/Scripts/midiTheatre/staticfiles
2025-02-05 00:07:57,309 - midiTheatreLogger - INFO - /Users/jonathanstoff/Desktop/Scripts/midiTheatre/staticfiles
2025-02-05 00:08:00,547 - midiTheatreLogger - INFO - /Users/jonathanstoff/Desktop/Scripts/midiTheatre/staticfiles
2025-02-05 00:08:06,825 - midiTheatreLogger - INFO - /Users/jonathanstoff/Desktop/Scripts/midiTheatre/staticfiles
2025-02-05 00:08:10,152 - midiTheatreLogger - INFO - /Users/jonathanstoff/Desktop/Scripts/midiTheatre/staticfiles
2025-02-05 00:08:11,459 - midiTheatreLogger - INFO - /Users/jonathanstoff/Desktop/Scripts/midiTheatre/staticfiles
2025-02-05 00:08:18,907 - midiTheatreLogger - INFO - /Users/jonathanstoff/Desktop/Scripts/midiTheatre/staticfiles
2025-02-05 00:08:20,192 - midiTheatreLogger - INFO - /Users/jonathanstoff/Desktop/Scripts/midiTheatre/staticfiles
2025-02-05 00:08:22,461 - midiTheatreLogger - INFO - /Users/jonathanstoff/Desktop/Scripts/midiTheatre/staticfiles
2025-02-05 00:08:45,112 - midiTheatreLogger - INFO - /Users/jonathanstoff/Desktop/Scripts/midiTheatre/staticfiles
2025-02-05 00:09:10,851 - midiTheatreLogger - INFO - /Users/jonathanstoff/Desktop/Scripts/midiTheatre/staticfiles
2025-02-05 00:09:13,224 - midiTheatreLogger - INFO - /Users/jonathanstoff/Desktop/Scripts/midiTheatre/staticfiles
2025-02-05 00:09:16,595 - midiTheatreLogger - INFO - /Users/jonathanstoff/Desktop/Scripts/midiTheatre/staticfiles
2025-02-05 00:09:35,185 - midiTheatreLogger - INFO - /Users/jonathanstoff/Desktop/Scripts/midiTheatre/staticfiles
2025-02-05 00:09:37,603 - midiTheatreLogger - INFO - /Users/jonathanstoff/Desktop/Scripts/midiTheatre/staticfiles
2025-02-05 00:09:39,913 - midiTheatreLogger - INFO - /Users/jonathanstoff/Desktop/Scripts/midiTheatre/staticfiles
2025-02-05 00:09:49,341 - midiTheatreLogger - INFO - /Users/jonathanstoff/Desktop/Scripts/midiTheatre/staticfiles
2025-02-05 00:09:54,705 - midiTheatreLogger - INFO - /Users/jonathanstoff/Desktop/Scripts/midiTheatre/staticfiles
2025-02-05 00:10:12,240 - midiTheatreLogger - INFO - /Users/jonathanstoff/Desktop/Scripts/midiTheatre/staticfiles
2025-02-05 00:10:20,702 - midiTheatreLogger - INFO - /Users/jonathanstoff/Desktop/Scripts/midiTheatre/staticfiles
2025-02-05 00:10:24,096 - midiTheatreLogger - INFO - /Users/jonathanstoff/Desktop/Scripts/midiTheatre/staticfiles
2025-02-05 00:10:26,421 - midiTheatreLogger - INFO - /Users/jonathanstoff/Desktop/Scripts/midiTheatre/staticfiles
2025-02-05 00:12:03,306 - midiTheatreLogger - INFO - /Users/jonathanstoff/Desktop/Scripts/midiTheatre/staticfiles
2025-02-05 00:12:04,757 - midiTheatreLogger - INFO - /Users/jonathanstoff/Desktop/Scripts/midiTheatre/staticfiles
2025-02-05 00:12:25,311 - midiTheatreLogger - INFO - /Users/jonathanstoff/Desktop/Scripts/midiTheatre/staticfiles
2025-02-05 00:13:04,279 - midiTheatreLogger - INFO - /Users/jonathanstoff/Desktop/Scripts/midiTheatre/staticfiles
2025-02-05 00:13:06,694 - midiTheatreLogger - INFO - /Users/jonathanstoff/Desktop/Scripts/midiTheatre/staticfiles
2025-02-05 00:13:09,094 - midiTheatreLogger - INFO - /Users/jonathanstoff/Desktop/Scripts/midiTheatre/staticfiles
